20221213	11:27:19	85e3b03e-7409-454f-9bd5-5ae5134b97ae	GET	/	undefined
20221213	11:27:23	6d95bdc5-06e0-43a3-9d15-e640466a1260	GET	/	undefined
20221213	11:31:31	2c66eed0-4c57-43f7-a7ca-3fdc7cf8f49b	POST	/books	undefined
20221213	11:32:26	ff0a7eb9-9ef1-42bc-97ef-8f0c61ea812d	GET	/books	undefined
20221213	11:33:23	618a6056-e1ff-4fb1-aa93-c402fa9750e8	POST	/books	undefined
20221213	11:34:19	5124bfac-e3c5-4411-8c94-e81416c73b33	DELETE	/books	undefined
20221214	08:16:01	80eb24fb-b077-4233-97b1-3897837b2ee3	POST	/books	undefined
20221214	08:17:11	7b011209-7cfd-4845-9fe7-2498f7ec9671	POST	/books	undefined
20221214	08:17:17	14c1d75a-cb36-44f6-b0f4-cd093284c54d	GET	/books	undefined
20221215	12:05:49	fdb9ab68-fb97-45f4-ba65-858a29c7eaef	GET	/books	undefined
20221215	13:09:52	3e2b94db-c1f9-4607-9a31-cd7f3ac6dadb	POST	/register	undefined
20221215	13:10:27	629d1b28-43f6-4b47-86c3-9dec99b46b5b	POST	/register	undefined
20221215	13:11:43	cc0a71c4-ae4b-4374-a3d2-a0b266681b8c	POST	/register	undefined
20221215	13:11:57	48fccb39-7409-43fa-81cf-262c009fcbc1	GET	/register	undefined
20221215	13:49:46	3983b433-781a-4812-98ff-947807562ccc	GET	/register	undefined
20221215	13:49:54	761b836d-8a0e-4776-b722-0b369c623c0e	GET	/register	undefined
20221215	13:49:58	e8767a5d-2d08-41dd-8b5c-f71f60410d96	GET	/register	undefined
20221215	13:51:09	0f75b33b-7c52-44d6-b08c-3c41397af8d6	GET	/register	undefined
20221215	13:52:40	fc0f5082-e488-4b90-b7ff-5b5a77a45a55	GET	/register	undefined
20221215	13:52:49	62b0a6e1-b71d-4ec6-97fc-745bca37f181	GET	/register	undefined
20221215	13:52:52	e6d57a31-40fa-41af-8976-2056beb340a9	GET	/register	undefined
20221215	13:52:52	e1d989cd-e04a-478a-8a1d-19d876a644f2	GET	/register	undefined
20221215	13:52:54	08d4261f-1af9-4517-88e3-6127039d7e3c	GET	/register	undefined
20221215	13:52:56	51b4a817-aeee-4101-a51a-fb6343f713d7	GET	/register	undefined
20221215	13:52:58	6bfd75fb-01ef-4ca4-8060-7024beea51c8	GET	/register	undefined
20221215	13:55:11	e9c0078b-13a8-4385-9a33-c81c0172fac0	POST	/register	undefined
20221215	13:55:16	5e577a5f-d5f9-4e10-a97c-5771e4c666b4	GET	/register	undefined
20221215	13:55:18	be3e43ba-1873-47a1-9232-41ef1dea9234	GET	/register	undefined
20221215	13:55:20	230167e7-1aad-4320-90f5-71fa3677f287	GET	/register	undefined
20221215	13:56:58	ceb5416c-c025-440a-97a7-1fdb21b9df1d	GET	/register	undefined
20221215	13:57:04	b027132a-cc46-4c48-9fa0-241a4d6ec66c	GET	/register	undefined
20221215	13:57:20	2846e125-fa7a-4e15-a88c-803edd5c61b7	GET	/register	undefined
20221215	13:57:23	1eabbbec-c11a-4c37-81e2-e30ba5752746	GET	/register	undefined
20221215	14:00:54	4a567cb8-632f-4b2b-b78f-fe07dfcefcf3	GET	/register	undefined
20221215	14:01:01	43040edf-e4d9-4e5b-8367-d78ce44ff89e	POST	/register	undefined
20221215	14:01:14	0199ca0e-b0b7-4c59-a04b-39a95413f458	POST	/register	undefined
20221215	14:02:12	5fc91c04-43fb-422c-95a6-019fb525c099	GET	/auth	undefined
20221215	14:02:22	d2096fab-cc33-406e-a185-f2b4934f8e80	POST	/auth	undefined
20221215	14:04:08	8ea44263-4b9d-44af-8bea-95e009d712c4	POST	/auth	undefined
20221215	14:06:01	24ca1e45-f13e-44c9-acc0-47b069197d3b	POST	/auth	undefined
20221215	14:09:26	06f9b250-57da-4377-888d-d994ef41f156	POST	/register	undefined
20221215	14:09:31	4b0fac3f-0838-491b-b467-5a0b1b5b1594	POST	/auth	undefined
